[debug] [2019-11-11T11:30:51.054Z] ----------------------------------------------------------------------
[debug] [2019-11-11T11:30:51.058Z] Command:       C:\Program Files\nodejs\node.exe C:\Program Files\nodejs\node_modules\firebase-tools\lib\bin\firebase.js deploy
[debug] [2019-11-11T11:30:51.058Z] CLI Version:   7.6.2
[debug] [2019-11-11T11:30:51.059Z] Platform:      win32
[debug] [2019-11-11T11:30:51.059Z] Node Version:  v10.16.3
[debug] [2019-11-11T11:30:51.061Z] Time:          Mon Nov 11 2019 13:30:51 GMT+0200 (Eastern European Standard Time)
[debug] [2019-11-11T11:30:51.061Z] ----------------------------------------------------------------------
[debug] [2019-11-11T11:30:51.061Z] 
[debug] [2019-11-11T11:30:51.084Z] > command requires scopes: ["email","openid","https://www.googleapis.com/auth/cloudplatformprojects.readonly","https://www.googleapis.com/auth/firebase","https://www.googleapis.com/auth/cloud-platform"]
[debug] [2019-11-11T11:30:51.084Z] > authorizing via signed-in user
[debug] [2019-11-11T11:30:51.084Z] [iam] checking project drumsdotroradio for permissions ["firebase.projects.get","firebasehosting.sites.update"]
[debug] [2019-11-11T11:30:51.087Z] >>> HTTP REQUEST POST https://cloudresourcemanager.googleapis.com/v1/projects/drumsdotroradio:testIamPermissions  

[debug] [2019-11-11T11:30:52.253Z] <<< HTTP RESPONSE 200
[debug] [2019-11-11T11:30:52.259Z] >>> HTTP REQUEST GET https://firebase.googleapis.com/v1beta1/projects/drumsdotroradio  
 
[debug] [2019-11-11T11:30:52.624Z] <<< HTTP RESPONSE 200
[info] 
[info] === Deploying to 'drumsdotroradio'...
[info] 
[info] i  deploying hosting
[debug] [2019-11-11T11:30:52.788Z] >>> HTTP REQUEST POST https://firebasehosting.googleapis.com/v1beta1/sites/drumsdotroradio/versions  

[debug] [2019-11-11T11:30:57.046Z] <<< HTTP RESPONSE 200
[info] i  hosting[drumsdotroradio]: beginning deploy...
[info] i  hosting[drumsdotroradio]: found 1488 files in dist/drumsdotro
[debug] [2019-11-11T11:30:57.497Z] [hosting] hash cache [ZGlzdFxkcnVtc2RvdHJv] not populated
[debug] [2019-11-11T11:30:58.587Z] >>> HTTP REQUEST POST https://firebasehosting.googleapis.com/v1beta1/sites/drumsdotroradio/versions/0c9edfbe9d838797:populateFiles  
 <request body omitted>
[debug] [2019-11-11T11:30:59.060Z] [hosting] hash cache [ZGlzdFxkcnVtc2RvdHJv] stored for 1488 files
[debug] [2019-11-11T11:30:59.060Z] [hosting][hash queue][FINAL]
[debug] [2019-11-11T11:30:59.060Z] >>> HTTP REQUEST POST https://firebasehosting.googleapis.com/v1beta1/sites/drumsdotroradio/versions/0c9edfbe9d838797:populateFiles  
 <request body omitted>
[debug] [2019-11-11T11:31:05.038Z] <<< HTTP RESPONSE 200
[debug] [2019-11-11T11:31:06.440Z] <<< HTTP RESPONSE 200
[debug] [2019-11-11T11:31:06.455Z] [hosting][populate queue][FINAL]
[debug] [2019-11-11T11:31:06.455Z] [hosting] uploads queued: 1470
[debug] [2019-11-11T11:31:07.802Z] [hosting][upload]
[debug] [2019-11-11T11:31:08.889Z] [hosting][upload]
[debug] [2019-11-11T11:31:11.611Z] [hosting][upload]
[debug] [2019-11-11T11:31:16.373Z] [hosting][upload]
[debug] [2019-11-11T11:31:24.663Z] [hosting][upload]
[debug] [2019-11-11T11:31:34.319Z] [hosting][upload]
[debug] [2019-11-11T11:31:36.495Z] [uploadQueue] Retrying task 13cfda5ccaf8c5df700031ef1188457e4b2237b7d69958789a35cac3b8657d41
[debug] [2019-11-11T11:31:36.496Z] [uploadQueue] Retrying task 6b67f7832c82e99fe7813476612175ee4a9483acc7c0f49433aa161120ad03f6
[debug] [2019-11-11T11:31:36.496Z] [uploadQueue] Retrying task 1039e654d66db6d90c825f12afbb40ad289dbfac67b35a7fc2cad2132bfac436
[debug] [2019-11-11T11:31:36.496Z] [uploadQueue] Retrying task 51ddc99bc9d274ea963a1b08d46ba152d2c4d5e3c7772b82ea3f0b72735e95ef
[debug] [2019-11-11T11:31:36.497Z] [uploadQueue] Retrying task c6d0998cb4893f1520b769ec062bd71ca26774188aaf9329c53c2ac52e651b98
[debug] [2019-11-11T11:31:36.497Z] [uploadQueue] Retrying task e8514820611d425b07ed09d8534dd5522dc829be22789b9ae27e7e72e999558b
[debug] [2019-11-11T11:31:36.497Z] [uploadQueue] Retrying task 6898560c31eb0ea17a767da977377e2b074e8153bfe0d5654d4ea30dcc230919
[debug] [2019-11-11T11:31:36.497Z] [uploadQueue] Retrying task d8c85801bb0d3cc770e0d643f4500330882452af6b5ef7a72b42cd88c5500f00
[debug] [2019-11-11T11:31:36.497Z] [uploadQueue] Retrying task ca0d8a9c26ade60ba5847742aec7d9b7857696e5518ee2692fdf5fcec2e8fde6
[debug] [2019-11-11T11:31:36.497Z] [uploadQueue] Retrying task f11c72e6b80726e47d5164b4d93869eab17e226a5e5a702d84a202a4fe0df1ca
[debug] [2019-11-11T11:31:36.497Z] [uploadQueue] Retrying task 7c199e07aa7aae5dc255c5fe82285934a252ae505f964093e476dd25b0c95174
[debug] [2019-11-11T11:31:36.502Z] [uploadQueue] Retrying task 19ece3d8279c448f92348b0b60fa00a8a078bd548aae5a73d7301ad7fda93066
[debug] [2019-11-11T11:31:36.502Z] [uploadQueue] Retrying task 6b63769eb793468d3292d3390f31481294618bf4c5dfcc66223610bf2946d629
[debug] [2019-11-11T11:31:36.502Z] [uploadQueue] Retrying task 5e0fa05ecd67b1a362428fc97e400f4fbca39698dc4dde3daa02ee6e948711bd
[debug] [2019-11-11T11:31:36.535Z] [uploadQueue] Retrying task 433c66cc161918cbb0a9a563e5b9573887f59eff6499ca4e60dd49900ef7df70
[debug] [2019-11-11T11:31:36.535Z] [uploadQueue] Retrying task a2c83450e70c57c4bf58fc6e86df6d87fead98fda165a15b2368b3e7937df29a
[debug] [2019-11-11T11:31:36.536Z] [uploadQueue] Retrying task e862134f06c40e1b1b3145fafcf63078fef72a0bd5f9807d8412a7f3dfab5d41
[debug] [2019-11-11T11:31:36.536Z] [uploadQueue] Retrying task 1b5aefcce9fdabbb56c28429220ffaa34314db5983c6165657e90c2af0c5d765
[debug] [2019-11-11T11:31:36.536Z] [uploadQueue] Retrying task 144e56426814633dbaefcf3450ac64d4d6ecd96c994e48eadee536249f0b6a5a
[debug] [2019-11-11T11:31:36.536Z] [uploadQueue] Retrying task 2f950ba01ad05857d020913b219d4dbfc532bd7c37554495a89b50429c0fd722
[debug] [2019-11-11T11:31:36.536Z] [uploadQueue] Retrying task 92e5bb6ff4e0fa953b8f1c5523bb9b2def8abbee9b74075703a4d8679329ced9
[debug] [2019-11-11T11:31:36.536Z] [uploadQueue] Retrying task e1c6ccc426462e45f0a5d4569136fee5ae509d28d35f3ec75c22399be57371f8
[debug] [2019-11-11T11:31:36.536Z] [uploadQueue] Retrying task 8608d1b76e579b5314c1efa4a4b37fd7f60071f758c4fc0d10df32effaeeea0f
[debug] [2019-11-11T11:31:36.537Z] [uploadQueue] Retrying task c3208e700dfdffe5313b2f77375c28f5a18e80548218fabb49f3af5f51c6bb65
[debug] [2019-11-11T11:31:36.537Z] [uploadQueue] Retrying task acfd0406a3bf8c4c2e8f2f585ca6618cd1705249d376dba1da48f4110896713d
[debug] [2019-11-11T11:31:36.537Z] [uploadQueue] Retrying task f202507e286e932cda08d3e1b1d92b6bfa00e3295fcebbe287048668f0607a35
[debug] [2019-11-11T11:31:36.537Z] [uploadQueue] Retrying task d3badf73bb4f8c2f5d7dee6d90ebeb0e828349c34f454e8e9535c5b58f4da49a
[debug] [2019-11-11T11:31:36.537Z] [uploadQueue] Retrying task 89c76e6670f37e3f164e07afa00afb97b7f11ab84881c36be781b33b3ac99e21
[debug] [2019-11-11T11:31:36.537Z] [uploadQueue] Retrying task 93929c642157724f734f99de5ba46ea5f60ec23184c53393622a2d716f986dc7
[debug] [2019-11-11T11:31:36.537Z] [uploadQueue] Retrying task 4b0e27e18ad6377d27aa567d457d36a502baae2f8633e784fa984d3757f0d46e
[debug] [2019-11-11T11:31:36.538Z] [uploadQueue] Retrying task 705de6d6d852a83b3a5f0316b12eca7563690a18b0259ae4faf20241e00949d2
[debug] [2019-11-11T11:31:36.538Z] [uploadQueue] Retrying task efec894e28cdd10389747c811a8dde00fe1f4f1e649394fe8d7ed8b4129ca25c
[debug] [2019-11-11T11:31:36.538Z] [uploadQueue] Retrying task 206e25f4b300fcabb7f48425af097f570f2d5479739db009f608fb514f6c2d2e
[debug] [2019-11-11T11:31:36.538Z] [uploadQueue] Retrying task 766e24574e53102e60191678d91c2d21123e15acaffe58fc3783b670f3c7cd75
[debug] [2019-11-11T11:31:36.538Z] [uploadQueue] Retrying task 0acffca7b85c228f07e6d412193d479cafbc68a3fd11f2a601367f188ca4782f
[debug] [2019-11-11T11:31:36.538Z] [uploadQueue] Retrying task d112b14d944c9c9a9e14dc0b58e5f9409426c5313488b2799f83dc92a1ac4e03
[debug] [2019-11-11T11:31:36.538Z] [uploadQueue] Retrying task 9f5a4316a395131b22c72161dee45c1fac20254672835418b977bc79fdef0783
[debug] [2019-11-11T11:31:36.539Z] [uploadQueue] Retrying task 573bbe1f47a03354c1dc925011c564fe91e2e9ee6cf65e345f9fd8cbfd94fca7
[debug] [2019-11-11T11:31:36.539Z] [uploadQueue] Retrying task ddd6e16d3f494a50edcf39706d0e018c8092b78fe0c2c768d834e00d7fd2371d
[debug] [2019-11-11T11:31:36.539Z] [uploadQueue] Retrying task 2e059bcba6b852f0804986661f116586e5b1e689104b220799e3322dd12fa649
[debug] [2019-11-11T11:31:36.539Z] [uploadQueue] Retrying task 0b883fec89128c68c99a06d739ce18fd1dac9c718b473ecd14b0e9574d7a3c00
[debug] [2019-11-11T11:31:36.539Z] [uploadQueue] Retrying task dc8ea8d9fabb4268894f6b5cd9e5a544b50428928395d135e980feca7ab495b9
[debug] [2019-11-11T11:31:36.539Z] [uploadQueue] Retrying task f7dd2fe57405aa6af94def2ee67a5e9491a37c7a1ebff6dd433e8375692fbdb8
[debug] [2019-11-11T11:31:36.539Z] [uploadQueue] Retrying task baced6ba6e9192ed0f0e09a801836bc214c50198bded350d3ebe21e364a41df8
[debug] [2019-11-11T11:31:36.540Z] [uploadQueue] Retrying task 1c70774b29ec07269461fe95dfc777ce887a3e8196c3e1df7d0f60a1f702e217
[debug] [2019-11-11T11:31:36.540Z] [uploadQueue] Retrying task 6ecf70101c8810d9245d4bd1ad26da4e48ec68f00dafb638283c3b2775d18804
[debug] [2019-11-11T11:31:38.594Z] [uploadQueue] Retrying task 03dbdf375c7980952efde00810b61138b69c510d818cadd01c58bc0951e5fbc8
[debug] [2019-11-11T11:31:38.691Z] [uploadQueue] Retrying task 5d15be569ecfd7eb7de8dab7d924dcfc81b6e48e460cc7e2199cd9b410007250
[debug] [2019-11-11T11:31:38.750Z] [uploadQueue] Retrying task 66bdaed589666ed192c703171b71e13747ff69582c4c45cd3cd5078325721375
[debug] [2019-11-11T11:31:38.797Z] [uploadQueue] Retrying task 1989ed4f976ff5bd64890d103a18adf0d53f71684eb5e0e7598d95ae94f87168
[debug] [2019-11-11T11:31:39.005Z] [uploadQueue] Retrying task 5fda8981706ebc1375a783ee1813401fdb67c3a77b2ec1967929575e6584685d
[debug] [2019-11-11T11:31:39.056Z] [uploadQueue] Retrying task a15c7a896a6db31d41052ff82577c6d404c4455530229160c43fc4f11a96d6d5
[debug] [2019-11-11T11:31:39.105Z] [uploadQueue] Retrying task b25d762be4543579e1d298999fdc4fc1fe076661dd0895e205e3c0bc257665d4
[debug] [2019-11-11T11:31:39.134Z] [uploadQueue] Retrying task f6370bf9698f17c118d187817f6e134d6336c61b551c0c3103156db437667631
[debug] [2019-11-11T11:31:39.151Z] [uploadQueue] Retrying task c93c43de68b3f9fc1b173cf323d1924bed4c149dfa59658fb1af460e7d8aa5a2
[debug] [2019-11-11T11:31:39.186Z] [uploadQueue] Retrying task 7dd23fd7bba028f3742c6a4d76a8b3fbcf99a0bdddcc07ebdc0ebf423314a7fc
[debug] [2019-11-11T11:31:39.199Z] [uploadQueue] Retrying task 1e44160db1ca896bd8b6615316aec30b2be0167d8dab2d14ab4d6b317ba72b79
[debug] [2019-11-11T11:31:39.331Z] [uploadQueue] Retrying task 1a8e9420f8f697ad61b77a674ee445a906098b385a8ec79a636979fbc44b8ce7
[debug] [2019-11-11T11:31:39.351Z] [uploadQueue] Retrying task a2964d78da900798653cea61681d512002eb6b13b98f229d527f324acfafa381
[debug] [2019-11-11T11:31:39.370Z] [uploadQueue] Retrying task 3a0fbe5ff195069fe3baf092cc7cd85a4b6a6342c5d9fdef134c63e9386e96cd
[debug] [2019-11-11T11:31:39.388Z] [uploadQueue] Retrying task 8abfee041bcc1f05bd23bbe918cc31e01eac43e506d6095f340e5c80b2384fb0
[debug] [2019-11-11T11:31:39.388Z] [uploadQueue] Retrying task 34c614505414cb166bd988bdc608e63edfd1812fee199dfb9ed438929ef007f1
[debug] [2019-11-11T11:31:39.388Z] [uploadQueue] Retrying task b03afbd7678058ba477b86771a3f700d3a474b149028db66567123e001d27dc2
[debug] [2019-11-11T11:31:39.388Z] [uploadQueue] Retrying task ba583c4bb9f1fb48ddd75dcfb168424a578f9366b8c121992594f764c1dc0162
[debug] [2019-11-11T11:31:39.388Z] [uploadQueue] Retrying task 975ab77aa068ed3a2d8510588a0c546dedc9df300c57d95606b1b2c5984dce3a
[debug] [2019-11-11T11:31:39.427Z] [uploadQueue] Retrying task 473b60f0eccd42a4d879e939d7906ba10e2aaf71307c6ecb078c084e7a6a4ec0
[debug] [2019-11-11T11:31:39.427Z] [uploadQueue] Retrying task 1e9af9153221f0fdaf86933148c5402a70e6062063292727582101782f456c93
[debug] [2019-11-11T11:31:39.432Z] [uploadQueue] Retrying task 2eddf79ac50340f902ec772e4bb0b7d1a69ad0bbe6d7443620bdb1347df1ff53
[debug] [2019-11-11T11:31:39.438Z] [uploadQueue] Retrying task 787ae9d127da29ffbc00e0ac42ed3f8475b662e54c4630f435f405e524460e0e
[debug] [2019-11-11T11:31:39.451Z] [uploadQueue] Retrying task e8e052188700ba3db87e67a45e936733a4a34e68225a8f085670f5405d92cd4c
[debug] [2019-11-11T11:31:39.453Z] [uploadQueue] Retrying task 1b0519924f9913fb38e6cbf18cb3ec264ce704ddd4e5f34d0a12655b087cfa1c
[debug] [2019-11-11T11:31:39.463Z] [uploadQueue] Retrying task 568017d99102b7ea512dd76a30e5373917296fe8596c3faeaac269bda14b8b8f
[debug] [2019-11-11T11:31:39.478Z] [uploadQueue] Retrying task 9cb34413e3f9bb38b35563b2415095cc753a2f8a2a1d21be4c48d99b20be045e
[debug] [2019-11-11T11:31:39.485Z] [uploadQueue] Retrying task 231b52a496029f631aaedc4d24cf9496d77fd23e9c9e1555bcd52aa5e7864082
[debug] [2019-11-11T11:31:39.486Z] [uploadQueue] Retrying task 3f9bf8806f32d80efe07a623cc6c57392a335bda1fff2a647fd185cc139396ab
[debug] [2019-11-11T11:31:39.486Z] [uploadQueue] Retrying task a47ab3e45161a93043f6978b157c334fbed76bfd24dd82ef0655aa9c73600084
[debug] [2019-11-11T11:31:39.494Z] [uploadQueue] Retrying task 18d7a58d305c80f380d891b2ae09cc14af3fd16185068b7df5cd5b153b1e9445
[debug] [2019-11-11T11:31:41.033Z] [uploadQueue] Retrying task 808bc897a73dfd429e4ec939fbb2169459ae16f5ff54a9fcca9ba5507a245ce1
[debug] [2019-11-11T11:31:41.178Z] [uploadQueue] Retrying task 13270f7e723d54fb07146d71b9d006d979703e96029e8b50336bac000eb4a6d3
[debug] [2019-11-11T11:31:41.240Z] [hosting][upload]
[debug] [2019-11-11T11:31:41.241Z] [hosting][upload]
[debug] [2019-11-11T11:31:41.389Z] [uploadQueue] Retrying task dbc1bab373d2f141da477367eff87ca2a5d37906e76198ef53642b7c70d2a896
[debug] [2019-11-11T11:31:41.397Z] [uploadQueue] Retrying task af3c1c1dd1ca75c29ff6e993c3f75c1d787c94e0b0463ee3ce2ea04586d39c40
[debug] [2019-11-11T11:31:41.579Z] [uploadQueue] Retrying task f38389a85669e789bcbb8212ed19bd722fbd1bb8bc134228cc33a28f91faee43
[debug] [2019-11-11T11:31:41.642Z] [uploadQueue] Retrying task 08a75cdc2eb64cee4ea139a2f94aef16bf01ac34f261e90cea7bb8ef65d1da64
[debug] [2019-11-11T11:31:41.716Z] [uploadQueue] Retrying task 92ad63fcf20a97a51db2f2a930f28bc966db4d49ac969e66d043b779f0203dee
[debug] [2019-11-11T11:31:41.752Z] [uploadQueue] Retrying task 461b39862f45676ca42a1de3966454c62df34acc6298d3d029b60f5771c413f4
[debug] [2019-11-11T11:31:41.784Z] [uploadQueue] Retrying task c0a39ea4dc6648db2f45186d503c16137f73c39259de67053992a6ccc0305a27
[debug] [2019-11-11T11:31:41.792Z] [uploadQueue] Retrying task 89c456fbeb4abffeea4a319064464b2930fd675c171a738851b69af181600ff4
[debug] [2019-11-11T11:31:41.826Z] [uploadQueue] Retrying task a2ef7df22251e74c968713547bc32294b16d98aac3c508d852257c1677a96f50
[debug] [2019-11-11T11:31:41.843Z] [uploadQueue] Retrying task 07749804345b2ed48d30cf9e1260539186f9162e8342a24916b2752b604fdd48
[debug] [2019-11-11T11:31:41.915Z] [uploadQueue] Retrying task e74d43649f5ee7b05f946430590fb2d6f6398b310323b7a0a6132dc3370e0d26
[debug] [2019-11-11T11:31:42.003Z] [uploadQueue] Retrying task f9cd48d6e2f5e4353ca4f965249f647ba13fca67456236e95bf7f8629edc06e6
[debug] [2019-11-11T11:31:42.033Z] [uploadQueue] Retrying task 1096134d4fdafe3bebc85ceeef3e7f447cf20aacd7be6b1e08db1ed6b2898865
[debug] [2019-11-11T11:31:42.056Z] [uploadQueue] Retrying task 66a33a3b225ea259a1a4864a7bdd23f1f6af605054c75d8a630a0bd12bf26e00
[debug] [2019-11-11T11:31:42.069Z] [uploadQueue] Retrying task 594747ace494242568817ad8cb26c5bd142101feb92006d351cba4d3359b1f41
[debug] [2019-11-11T11:31:42.069Z] [uploadQueue] Retrying task 09f0b46035898191acde6ae734237fc818cd2a097cabf32c4c1d6531f506b900
[debug] [2019-11-11T11:31:42.080Z] [uploadQueue] Retrying task cbc280ce7f8d27c95671c7c87b4fdad79f068555eb96b76118927ee2a3828341
[debug] [2019-11-11T11:31:42.081Z] [uploadQueue] Retrying task 1774120eb6a4ca730b3e72ff70d490f455de54e6160b9141dbaaee587d49c0ff
[debug] [2019-11-11T11:31:42.100Z] [uploadQueue] Retrying task b0140621935583b0e3afdbb5ba3d617e9fdddb9e6780fbdb317cacddfd85c6f0
[debug] [2019-11-11T11:31:42.290Z] [uploadQueue] Retrying task a8afdee100adfcde94fcc1e5129ac2f42fdfb74f257f7d492baf0d0a368df1e8
[debug] [2019-11-11T11:31:42.850Z] [uploadQueue] Retrying task 883ecf6eb7f6819500a29c346352c87d8f50ba559ed75cdec1313ad7586212f7
[debug] [2019-11-11T11:31:43.679Z] [uploadQueue] Retrying task 14d7d2037cf79174d6d45b627d5ca991c8507bb888e13d3b490845cd70d860ca
[debug] [2019-11-11T11:31:43.797Z] [uploadQueue] Retrying task 196fd78c54acca3698c076058ea1f4f81780cc8b9d34dcdc7f4f982036880979
[debug] [2019-11-11T11:31:43.856Z] [uploadQueue] Retrying task 0f786a95c3fa5439bc3f2c9e35819bfc1c9ba7dcb79959128fe39558d8278050
[debug] [2019-11-11T11:31:43.932Z] [uploadQueue] Retrying task 7123ade4eaad210c7033365e88f9be85d9228e3885367520aae427539b00d973
[debug] [2019-11-11T11:31:43.976Z] [uploadQueue] Retrying task 898b232616655388baf119cb26f096303c8376f20be02bc6fa03ab104366392e
[debug] [2019-11-11T11:31:44.184Z] [uploadQueue] Retrying task 821a27a7290df6fb9138bce1ed51ca0a283a0946fc109b0b1a7bd0334c33a0a3
[debug] [2019-11-11T11:31:44.214Z] [uploadQueue] Retrying task b68e2420b98cf9455e187b82aef3f6c6adf8a1f139f418a8b2c25988cd401946
[debug] [2019-11-11T11:31:44.225Z] [uploadQueue] Retrying task 6d790c197b45b4399c3e002cb80eb079af8e716732b6f263480bae4c0c998639
[debug] [2019-11-11T11:31:44.296Z] [uploadQueue] Retrying task 79195e012b694d90cb012d3ecd32d30d2a43ce854bb7d2a7e6490c535a0d425d
[debug] [2019-11-11T11:31:44.417Z] [uploadQueue] Retrying task 7aef10cf68ac11077a2ab8b1bf7024dfd1ee6fd2e585dfbc6a41516810e9369f
[debug] [2019-11-11T11:31:44.484Z] [uploadQueue] Retrying task 2e2be3a89d9ab2b1b80218c63bd951e4d868ff6e1cfce502e617d177138dd34d
[debug] [2019-11-11T11:31:44.552Z] [uploadQueue] Retrying task 8048a15a0a00dfcd8b19cfe187192a7e3dc7a094ac0a4e7d3fc2a6a330167d84
[debug] [2019-11-11T11:31:44.566Z] [uploadQueue] Retrying task 6a0c62c5b3a5e4badabee24cf2f58f1450a77057a6c9f2d82e3ae47820bdde6d
[debug] [2019-11-11T11:31:44.699Z] [uploadQueue] Retrying task f3194528250a883f196c882c39a50dd0db3eaa5e795e185cfa45c12e81a3d9e1
[debug] [2019-11-11T11:31:44.914Z] [uploadQueue] Retrying task b96b72f220c7263427998806eac05c1101580ced254cf75f8ec4a38d3aea9fa5
[debug] [2019-11-11T11:31:44.957Z] [hosting][upload]
[debug] [2019-11-11T11:31:45.190Z] [uploadQueue] Retrying task cb40dd57f4f52e53410080ffc641903904a7a811c84ad5be2b774c765169d075
[debug] [2019-11-11T11:31:45.339Z] [uploadQueue] Retrying task 863c5a89f09eb56f2fef401bb8ceaf34376346096d2d1af413210c352f12b15c
[debug] [2019-11-11T11:31:45.525Z] [uploadQueue] Retrying task 1c484e89738d8db184ebaf4f9ce6aa51316843ebb0dff7e16a173da48a225e06
[debug] [2019-11-11T11:31:45.561Z] [uploadQueue] Retrying task 12bda543d5eba65e5a6c482fb29a44f8a90898757a8ff8eea2f1a3e757397056
[debug] [2019-11-11T11:31:45.616Z] [uploadQueue] Retrying task a226e5143281cd67ac28a3426d544402dec99a1d810e39e32fe1df0bd648657f
[debug] [2019-11-11T11:31:46.369Z] [uploadQueue] Retrying task a10d958fb11c84d20501057cd22ee48307195319e9d68afab7983cc7ff69dce8
[debug] [2019-11-11T11:31:46.872Z] [uploadQueue] Retrying task a4a1153961bd7b21eabd3bbcff9d74d5380cae817c8c6604a3b0f06aa2a49888
[debug] [2019-11-11T11:31:47.348Z] [uploadQueue] Retrying task 5f5d9374381909ad4fd62755928f5c8182609d9f2f2d6d13369cf003d3588595
[debug] [2019-11-11T11:31:47.500Z] [uploadQueue] Retrying task 6fbe0a9eeda981fbd86c6803e7d66964c5a0d0f07928a75ac0a31e66023f3af4
[debug] [2019-11-11T11:31:48.540Z] [uploadQueue] Retrying task a3df9759e52e3a18c8c448ebfe962bc829396a5d1d0a497ca791eddd3177730c
[debug] [2019-11-11T11:31:48.831Z] [uploadQueue] Retrying task c53638922608fafb3cbdc2643fa1189c2f8467b807dd1fbd3c4ee98d049c5403
[debug] [2019-11-11T11:31:49.040Z] [uploadQueue] Retrying task bc92fbd0eef612097830b607601e87413c2bd5fa21d82907a35a0126277d98a4
[debug] [2019-11-11T11:31:49.593Z] [hosting][upload]
[debug] [2019-11-11T11:31:49.613Z] [uploadQueue] Retrying task ba4953acb6a42d1b0c3706ed4ff6c4e7b2f702b401f116588635f45cf7551c92
[debug] [2019-11-11T11:31:49.656Z] [hosting][upload]
[debug] [2019-11-11T11:31:49.884Z] [uploadQueue] Retrying task 7c9d89b7a630619df450b2be23fde84eff85999ed7b923079a9f4841fbe39b87
[debug] [2019-11-11T11:31:49.994Z] [uploadQueue] Retrying task 92c8e18e5cf88f470b11ec4eac440d0e8d0b2c993eda683c792fd8485c816869
[debug] [2019-11-11T11:31:50.325Z] [uploadQueue] Retrying task a83566d596fa26350dc854e1d32ba6aa8ee49b2744af10da4226bccb2c607b9e
[debug] [2019-11-11T11:31:50.895Z] [uploadQueue] Retrying task e56a9cdedf68a93746a1734d7f1211a2a2e29f6dd0005448e49990ed500148b9
[debug] [2019-11-11T11:31:51.514Z] [uploadQueue] Retrying task f9ded6c4912986d45174f86e012ec7ce877904aa622ecd1cbdfb097334c190a5
[debug] [2019-11-11T11:31:51.955Z] [uploadQueue] Retrying task 5879dd5c1a4745ed53a53d68cd52147750e235417cf290a7b0209139f1e2bbe5
[debug] [2019-11-11T11:31:51.976Z] [uploadQueue] Retrying task c7d72b9ea3b41bd5c3acb291e6f215e5101f4210ee0e9d40b5fda0cae50cf460
[debug] [2019-11-11T11:31:52.210Z] [uploadQueue] Retrying task 90dc7056a90d92fbb8dd0f3bda63eaf9321e13ec133e3c6d083865a6bbb1edd8
[debug] [2019-11-11T11:31:52.668Z] [uploadQueue] Retrying task f19ce8450c08519cbbb216d27b482d5e3882bf78a8e1c0202783ccc08de39494
[debug] [2019-11-11T11:31:52.806Z] [uploadQueue] Retrying task f1bd650f0252f4d66d993f89d11dfda8eca7a7ba8f0eed568396afccfd5451cb
[debug] [2019-11-11T11:31:53.092Z] [uploadQueue] Retrying task cfeafdf486f30dbfec94d12bcd79644b1d691ba8ed2561fc8c4a7ae79db35812
[debug] [2019-11-11T11:31:53.159Z] [uploadQueue] Retrying task fed21eecf1b89b000e92b86b5b89f36c0b0519ff46ffeee973a4c7aa121f9830
[debug] [2019-11-11T11:31:53.244Z] [uploadQueue] Retrying task 286bea3dfc803c1fe6096080b4eaba2a97fa9d8f615c67b21edeb8b24135be84
[debug] [2019-11-11T11:31:53.424Z] [uploadQueue] Retrying task 0084b2d49a096973f5325c66417478fbe342d2fa0457c25dceef2db3a5469f32
[debug] [2019-11-11T11:31:53.550Z] [uploadQueue] Retrying task 60de8fbbf684611ecc93142d799bc5e572fa8270395b1daec350fe699ae7c753
[debug] [2019-11-11T11:31:53.775Z] [uploadQueue] Retrying task fbdf35fae6919a839e1f13bf404b4eb7e2a1a5f70ae5256af1354c1e2b57f264
[debug] [2019-11-11T11:31:54.722Z] [uploadQueue] Retrying task 9f187418dd3307070ffb9dc808cecd1a546a40cff6362247de1e2fc4e2c7ee52
[debug] [2019-11-11T11:31:54.866Z] [uploadQueue] Retrying task 4d94e66a95892b6fd51c114287d6768a7f2474137ce7b9b62ad325fbc0ee9b15
[debug] [2019-11-11T11:31:55.153Z] [hosting][upload]
[debug] [2019-11-11T11:31:56.540Z] [uploadQueue] Retrying task 16977f5a62f7d4f3200d33104741a2e3be0dee0d196fc88aec8470d867196b50
[debug] [2019-11-11T11:31:56.662Z] [uploadQueue] Retrying task b1bf48fd39e59df593892def0935a871fa308e491d8c6228ead34b9086ee6544
[debug] [2019-11-11T11:31:57.419Z] [uploadQueue] Retrying task 0d64676db426e7bb0552b9d3844b5e8159a12cb33adc4ecfba29e8768f9226e6
[debug] [2019-11-11T11:31:57.473Z] [uploadQueue] Retrying task f716d5f0d7f44b81bb1d9d319cb67b4d018bb3f138518ae0348cecf4aaa8c945
[debug] [2019-11-11T11:31:57.893Z] [uploadQueue] Retrying task b4f966d0cc8d807b11a4916b43c05686a88987a5aa8e7c35138da639aaec7d94
[debug] [2019-11-11T11:31:58.266Z] [uploadQueue] Retrying task 7ce3a914378ebc1615b3a171093ea51fa506ff7d88122ed3377b8b7dea60844d
[debug] [2019-11-11T11:31:59.754Z] [uploadQueue] Retrying task 0e0a3fd5c629d9e132621ef57df4522607b083e2499aee601494ec71b7784c68
[debug] [2019-11-11T11:31:59.942Z] [uploadQueue] Retrying task 4c390a4b6f93ae17aca89481f9af3d88aa1db9e4cd23c21807614b98efea9c32
[debug] [2019-11-11T11:32:00.161Z] [hosting][upload]
[debug] [2019-11-11T11:32:00.420Z] [uploadQueue] Retrying task 65d7186cd1824ff80daded6d8dae274be016f9d353063601243303823b1ed3f9
[debug] [2019-11-11T11:32:00.797Z] [uploadQueue] Retrying task d40cc4261072e1085ca75daf0b016bef6bcf9015d62c82d2edfd9e7034bc315c
[debug] [2019-11-11T11:32:01.326Z] [uploadQueue] Retrying task 2eae3ffc4fce47d9537966413202d071ce634d3f7df7b84b1f81d5fc6aad52ed
[debug] [2019-11-11T11:32:01.440Z] [uploadQueue] Retrying task e00f318dec9cb955a8a9e258a66a7f27c62ccf0834771bbf5041886f45106d82
[debug] [2019-11-11T11:32:01.988Z] [uploadQueue] Retrying task 0d487b22df5ad0fb873c0bd31829b815b961cb8b8bbab89238bbb380a542aef4
[debug] [2019-11-11T11:32:03.165Z] [uploadQueue] Retrying task 8d8d0ae6c7c3cd58a14575a106707ca3068854f9f9d6048677f2b05d0bc6d547
[debug] [2019-11-11T11:32:03.311Z] [uploadQueue] Retrying task 3de6563595253004ca94f41bb9f9e8437bd78ad553d5e086c3221d6e4c8fed83
[debug] [2019-11-11T11:32:04.056Z] [uploadQueue] Retrying task 018004567028f14232403d343d04ae84cb661884af9fa0d1048009eba9bdd593
[debug] [2019-11-11T11:32:05.754Z] [uploadQueue] Retrying task a1b26232a3e0a5a6bf7cf1ce81f0e4f4e1fef84ee472d6f3b19a6c90f19201f1
[debug] [2019-11-11T11:32:05.852Z] [uploadQueue] Retrying task 772be2f9baef856b8983e3f86c4a6953dcded3ed1663aa5b6f28eb7bdb27096c
[debug] [2019-11-11T11:32:05.901Z] [uploadQueue] Retrying task 8fa4c96ee4ef42de825b63ecda5149a5ecabe5de04a73b6bd0b69ba693001bb2
[debug] [2019-11-11T11:32:06.052Z] [uploadQueue] Retrying task d81d600c87682edf74b26adf342f21e8325ecb5ea49dd07c17a95c815aa6b7d2
[debug] [2019-11-11T11:32:06.139Z] [uploadQueue] Retrying task 5268ec57aa4b29418337e50a5ba3665495a61ceafc9a4eb80b020b44d5cd7be9
[debug] [2019-11-11T11:32:06.175Z] [uploadQueue] Retrying task aa35648b3dd33655844a3181a3d6ec263079bc2dff452af448ffa3edb03f1c51
[debug] [2019-11-11T11:32:07.126Z] [uploadQueue] Retrying task 8273670ce057f61ea33204c47838cce7d42fd33aa795b3b4d125d59d8be80d08
[debug] [2019-11-11T11:32:07.203Z] [uploadQueue] Retrying task cd9999d8e2583beef44f24f45f3cedc72a16bcc1be17d692bff6b2ed72f0d975
[debug] [2019-11-11T11:32:07.491Z] [uploadQueue] Retrying task 1039e654d66db6d90c825f12afbb40ad289dbfac67b35a7fc2cad2132bfac436
[debug] [2019-11-11T11:32:07.492Z] [uploadQueue] Retrying task 7c199e07aa7aae5dc255c5fe82285934a252ae505f964093e476dd25b0c95174
[debug] [2019-11-11T11:32:07.492Z] [uploadQueue] Retrying task c6d0998cb4893f1520b769ec062bd71ca26774188aaf9329c53c2ac52e651b98
[debug] [2019-11-11T11:32:07.492Z] [uploadQueue] Retrying task 51ddc99bc9d274ea963a1b08d46ba152d2c4d5e3c7772b82ea3f0b72735e95ef
[debug] [2019-11-11T11:32:07.515Z] [uploadQueue] Retrying task 3760ad444862ead678aa1db09e556647356a1e2b963b4b7a35652e62a7c3a5a9
[debug] [2019-11-11T11:32:07.517Z] [uploadQueue] Retrying task e862134f06c40e1b1b3145fafcf63078fef72a0bd5f9807d8412a7f3dfab5d41
[debug] [2019-11-11T11:32:07.517Z] [uploadQueue] Retrying task 92e5bb6ff4e0fa953b8f1c5523bb9b2def8abbee9b74075703a4d8679329ced9
[debug] [2019-11-11T11:32:07.518Z] [uploadQueue] Retrying task 144e56426814633dbaefcf3450ac64d4d6ecd96c994e48eadee536249f0b6a5a
[debug] [2019-11-11T11:32:07.526Z] [uploadQueue] Retrying task efec894e28cdd10389747c811a8dde00fe1f4f1e649394fe8d7ed8b4129ca25c
[debug] [2019-11-11T11:32:07.526Z] [uploadQueue] Retrying task 573bbe1f47a03354c1dc925011c564fe91e2e9ee6cf65e345f9fd8cbfd94fca7
[debug] [2019-11-11T11:32:07.526Z] [uploadQueue] Retrying task dc8ea8d9fabb4268894f6b5cd9e5a544b50428928395d135e980feca7ab495b9
[debug] [2019-11-11T11:32:07.592Z] [uploadQueue] Retrying task 9edc2ff4bc15f9aa5d8647dd0731c781971c929a507b6080535e3d15c1eb6430
[debug] [2019-11-11T11:32:07.788Z] [uploadQueue] Retrying task 89b71fcc0e0879c6ea3be1d172507dda7d7e6c9e8ef783b7776f703b3b4eecdd
[debug] [2019-11-11T11:32:07.848Z] [uploadQueue] Retrying task 06f32fb5d9db20fbe2254ad9a1f21c2777e106a173212ccf3cf093492500bbdb
[debug] [2019-11-11T11:32:08.192Z] [uploadQueue] Retrying task 12701f12efef72beab97d4e34e5630a37d9c55a1cb082d1a7daf920a05be8c95
[debug] [2019-11-11T11:32:08.484Z] [hosting][upload]
[debug] [2019-11-11T11:32:08.688Z] [uploadQueue] Retrying task 637c49966ed86bdcede8407f97f7b0dc537ed729e531f924fa70e0d3a250790b
[debug] [2019-11-11T11:32:08.937Z] [uploadQueue] Retrying task 17ff7932d02412bc6a5ed9532d39b4ecbb4dfbd014cf2b1975e254c808910350
[debug] [2019-11-11T11:32:09.242Z] [uploadQueue] Retrying task ec8f2ddf8bd78899a1d9efd49d9b54d920d3d679652f175576bcebf691c0ec69
[debug] [2019-11-11T11:32:09.474Z] [uploadQueue] Retrying task 23274b4fee1d25245c31fc7278231bafe37a0d2605f9ef62ab9f609577511d31
[debug] [2019-11-11T11:32:09.543Z] [uploadQueue] Retrying task b8600ed4a4a41c6bee48b47227e45c7f1f7e60ea55e8113a0742ff56af5b0388
[debug] [2019-11-11T11:32:09.640Z] [uploadQueue] Retrying task 45e3a1c170ae57db36b1eb4e7369e9e17b455c1fd5212393061a2f7d4574a1f3
[debug] [2019-11-11T11:32:09.704Z] [uploadQueue] Retrying task eb53ca3a8495a12256b343421d56875c0b560e80a9070e655f1a9f93dbe2e9a1
[debug] [2019-11-11T11:32:09.728Z] [uploadQueue] Retrying task d8e796c0ee10428ed484d12ceb4a617317423a6d6ceff07d0ada20da6b3d223f
[debug] [2019-11-11T11:32:10.077Z] [uploadQueue] Retrying task 1e44160db1ca896bd8b6615316aec30b2be0167d8dab2d14ab4d6b317ba72b79
[debug] [2019-11-11T11:32:10.231Z] [uploadQueue] Retrying task a2964d78da900798653cea61681d512002eb6b13b98f229d527f324acfafa381
[debug] [2019-11-11T11:32:10.249Z] [uploadQueue] Retrying task 3a0fbe5ff195069fe3baf092cc7cd85a4b6a6342c5d9fdef134c63e9386e96cd
[debug] [2019-11-11T11:32:10.312Z] [uploadQueue] Retrying task 2eddf79ac50340f902ec772e4bb0b7d1a69ad0bbe6d7443620bdb1347df1ff53
[debug] [2019-11-11T11:32:10.361Z] [uploadQueue] Retrying task a47ab3e45161a93043f6978b157c334fbed76bfd24dd82ef0655aa9c73600084
[debug] [2019-11-11T11:32:10.875Z] [uploadQueue] Retrying task 46eb653eb9e4476a2ef323314a04058a3c50a452a21185339f5ae1d2ca645af1
[debug] [2019-11-11T11:32:11.089Z] [uploadQueue] Retrying task a1d88e8da0328b40f6824ca3fc939c4e3b7cf576431c36d3115dc9a1f4db27b0
[debug] [2019-11-11T11:32:11.164Z] [uploadQueue] Retrying task fdbb0a2267a7a6afcdbb4600455b778ed82b117e111828ae51567f7725866d34
[debug] [2019-11-11T11:32:11.180Z] [uploadQueue] Retrying task efed65cc1e864500f72ef35c04bb3eee38ed98bfd9f1b842d4bd656658913a07
[debug] [2019-11-11T11:32:11.510Z] [uploadQueue] Retrying task 087bd2f15114fcd33d8bfa97fce687d0de80189c8c87b7f05915a2af4045b5e3
[debug] [2019-11-11T11:32:12.035Z] [uploadQueue] Retrying task fb82fdc5506cab7800c58da26b60a5399fe8b1316e6b11e9f58ae823bc2aa0fd
[debug] [2019-11-11T11:32:12.056Z] [uploadQueue] Retrying task 13270f7e723d54fb07146d71b9d006d979703e96029e8b50336bac000eb4a6d3
[debug] [2019-11-11T11:32:12.100Z] [uploadQueue] Retrying task c8f2a8b7031d5ac480055a1f906bb5f8b0a555c385a8bb790781fded5e0c45c4
[debug] [2019-11-11T11:32:12.462Z] [uploadQueue] Retrying task f38389a85669e789bcbb8212ed19bd722fbd1bb8bc134228cc33a28f91faee43
[debug] [2019-11-11T11:32:12.595Z] [uploadQueue] Retrying task 92ad63fcf20a97a51db2f2a930f28bc966db4d49ac969e66d043b779f0203dee
[debug] [2019-11-11T11:32:12.665Z] [uploadQueue] Retrying task dfeec036817464d0443a15a159aefb8d717e016d91bb1d4c1746574a816fe862
[debug] [2019-11-11T11:32:12.708Z] [uploadQueue] Retrying task a2ef7df22251e74c968713547bc32294b16d98aac3c508d852257c1677a96f50
[debug] [2019-11-11T11:32:12.884Z] [uploadQueue] Retrying task f9cd48d6e2f5e4353ca4f965249f647ba13fca67456236e95bf7f8629edc06e6
[debug] [2019-11-11T11:32:12.929Z] [uploadQueue] Retrying task 66a33a3b225ea259a1a4864a7bdd23f1f6af605054c75d8a630a0bd12bf26e00
[debug] [2019-11-11T11:32:12.950Z] [uploadQueue] Retrying task cbc280ce7f8d27c95671c7c87b4fdad79f068555eb96b76118927ee2a3828341
[debug] [2019-11-11T11:32:13.165Z] [uploadQueue] Retrying task a8afdee100adfcde94fcc1e5129ac2f42fdfb74f257f7d492baf0d0a368df1e8
[debug] [2019-11-11T11:32:13.230Z] [uploadQueue] Retrying task 4e4c82fdafff8300c3fef30edf319b33276222aaa462fa8ba298232febb55627
[debug] [2019-11-11T11:32:13.545Z] [uploadQueue] Retrying task 442117758e441eb2ef1cd0aecfdd3179cb942349f749ae41be430fe8719962b4
[debug] [2019-11-11T11:32:13.862Z] [uploadQueue] Retrying task 681b6c57a718a9e3032ff799c57cdd73538571a50ba0fe23916235f09c821666
[debug] [2019-11-11T11:32:14.109Z] [uploadQueue] Retrying task e8582835e2e866261d15bdc166da9ed6562bf64f124115923def0bff06b713e2
[debug] [2019-11-11T11:32:14.123Z] [uploadQueue] Retrying task 12d13ab3e11570c58dfd284364927e135492d14014818dea6d710bfbf28ea62e
[debug] [2019-11-11T11:32:14.147Z] [uploadQueue] Retrying task 88547a3e684c5b6db60669e611f7c753a7136f4a4d1c804adef2f9272c9c54cf
[debug] [2019-11-11T11:32:14.243Z] [uploadQueue] Retrying task f9d81668d41eae5e6dcbd5e09b40725575f5f09210c56e2a7aeb4e6f27aa827c
[debug] [2019-11-11T11:32:14.544Z] [uploadQueue] Retrying task 0aa2d46991bd69cfba365cf7d89fee3c4e009702380020a2d46440ada479a7be
[debug] [2019-11-11T11:32:14.604Z] [uploadQueue] Retrying task def7d34a1222496bd6dd091a86306d3d683b16b1a06f077c9eec27eece03262e
[debug] [2019-11-11T11:32:14.744Z] [uploadQueue] Retrying task ec8485c9c84a24cae6635be3558ecfd75433f3cd7b7cda68693822aac2fe10e6
[debug] [2019-11-11T11:32:14.932Z] [uploadQueue] Retrying task d9071210294a400c7bf815c960ece20425442a1b43056f9eadd1366dcfdc89d0
[debug] [2019-11-11T11:32:15.060Z] [uploadQueue] Retrying task 821a27a7290df6fb9138bce1ed51ca0a283a0946fc109b0b1a7bd0334c33a0a3
[debug] [2019-11-11T11:32:15.104Z] [uploadQueue] Retrying task de720d826e2e2a01108ace60fbc29c27ad66e7b7935e9510dce8e47719d1e58d
[debug] [2019-11-11T11:32:15.182Z] [uploadQueue] Retrying task 19207f3e18c0773d9486dc7e04b7f17f72e3d209d3178016bb9e4a1936cd14dd
[debug] [2019-11-11T11:32:15.428Z] [uploadQueue] Retrying task 8048a15a0a00dfcd8b19cfe187192a7e3dc7a094ac0a4e7d3fc2a6a330167d84
[debug] [2019-11-11T11:32:15.435Z] [uploadQueue] Retrying task 7d8987f13628e9f3071472bc9a104a1f6750b92bda09f8076c83f66656d60cce
[debug] [2019-11-11T11:32:15.589Z] [hosting][upload]
[debug] [2019-11-11T11:32:15.749Z] [uploadQueue] Retrying task 29c97256ac257d8efdeb3865a49f580ee35383e44037cbe1e471ec5af29c1d73
